Build started 1/6/2014 1:06:39 PM.
     1>Project "C:\Users\heber_000\documents\visual studio 2013\Projects\CaveStory\CaveStory\CaveStory.vcxproj" on node 2 (Build target(s)).
     1>ClCompile:
         C:\Program Files (x86)\Microsoft Visual Studio 12.0\VC\bin\CL.exe /c /ZI /nologo /W3 /WX- /sdl /Od /Oy- /D _MBCS /Gm /EHsc /RTC1 /MDd /GS /fp:precise /Zc:wchar_t /Zc:forScope /Fo"Debug\\" /Fd"Debug\vc120.pdb" /Gd /TP /analyze- /errorReport:prompt src\backdrop.cc src\game.cc src\graphics.cc src\map.cc src\player.cc src\sprite.cc
         sprite.cc
         graphics.cc
         Generating Code...
         Compiling...
         player.cc
     1>c:\users\heber_000\documents\visual studio 2013\projects\cavestory\cavestory\src\player.cc(14): warning C4305: 'initializing' : truncation from 'double' to 'const float'
     1>c:\users\heber_000\documents\visual studio 2013\projects\cavestory\cavestory\src\player.cc(15): warning C4305: 'initializing' : truncation from 'double' to 'const float'
     1>c:\users\heber_000\documents\visual studio 2013\projects\cavestory\cavestory\src\player.cc(16): warning C4305: 'initializing' : truncation from 'double' to 'const float'
     1>c:\users\heber_000\documents\visual studio 2013\projects\cavestory\cavestory\src\player.cc(19): warning C4305: 'initializing' : truncation from 'double' to 'const float'
         map.cc
         game.cc
         backdrop.cc
         Generating Code...
       Link:
         C:\Program Files (x86)\Microsoft Visual Studio 12.0\VC\bin\link.exe /ERRORREPORT:PROMPT /OUT:"C:\Users\heber_000\documents\visual studio 2013\Projects\CaveStory\Debug\CaveStory.exe" /INCREMENTAL /NOLOGO SDL.lib SDLmain.lib kernel32.lib user32.lib gdi32.lib winspool.lib comdlg32.lib advapi32.lib shell32.lib ole32.lib oleaut32.lib uuid.lib odbc32.lib odbccp32.lib /NODEFAULTLIB:msvcrt.lib /MANIFEST /MANIFESTUAC:"level='asInvoker' uiAccess='false'" /manifest:embed /DEBUG /PDB:"C:\Users\heber_000\documents\visual studio 2013\Projects\CaveStory\Debug\CaveStory.pdb" /SUBSYSTEM:CONSOLE /TLBID:1 /DYNAMICBASE /NXCOMPAT /IMPLIB:"C:\Users\heber_000\documents\visual studio 2013\Projects\CaveStory\Debug\CaveStory.lib" /MACHINE:X86 Debug\animated_sprite.obj
         Debug\backdrop.obj
         Debug\game.obj
         Debug\graphics.obj
         Debug\input.obj
         Debug\main.obj
         Debug\map.obj
         Debug\player.obj
         Debug\sprite.obj
         CaveStory.vcxproj -> C:\Users\heber_000\documents\visual studio 2013\Projects\CaveStory\Debug\CaveStory.exe
     1>Done Building Project "C:\Users\heber_000\documents\visual studio 2013\Projects\CaveStory\CaveStory\CaveStory.vcxproj" (Build target(s)).

Build succeeded.

Time Elapsed 00:00:05.59
