c:\users\heber_000\documents\visual studio 2013\projects\cavestory\cavestory\debug\vc120.pdb
c:\users\heber_000\documents\visual studio 2013\projects\cavestory\cavestory\debug\vc120.idb
c:\users\heber_000\documents\visual studio 2013\projects\cavestory\cavestory\debug\graphics.obj
c:\users\heber_000\documents\visual studio 2013\projects\cavestory\cavestory\debug\input.obj
c:\users\heber_000\documents\visual studio 2013\projects\cavestory\cavestory\debug\sprite.obj
c:\users\heber_000\documents\visual studio 2013\projects\cavestory\cavestory\debug\animated_sprite.obj
c:\users\heber_000\documents\visual studio 2013\projects\cavestory\cavestory\debug\main.obj
c:\users\heber_000\documents\visual studio 2013\projects\cavestory\cavestory\debug\game.obj
c:\users\heber_000\documents\visual studio 2013\projects\cavestory\cavestory\debug\map.obj
c:\users\heber_000\documents\visual studio 2013\projects\cavestory\cavestory\debug\player.obj
c:\users\heber_000\documents\visual studio 2013\projects\cavestory\debug\cavestory.pdb
c:\users\heber_000\documents\visual studio 2013\projects\cavestory\cavestory\debug\cavestory.tlog\cl.command.1.tlog
c:\users\heber_000\documents\visual studio 2013\projects\cavestory\cavestory\debug\cavestory.tlog\cl.read.1.tlog
c:\users\heber_000\documents\visual studio 2013\projects\cavestory\cavestory\debug\cavestory.tlog\cl.write.1.tlog
c:\users\heber_000\documents\visual studio 2013\projects\cavestory\cavestory\debug\cavestory.tlog\link-cvtres.read.1.tlog
c:\users\heber_000\documents\visual studio 2013\projects\cavestory\cavestory\debug\cavestory.tlog\link-cvtres.write.1.tlog
c:\users\heber_000\documents\visual studio 2013\projects\cavestory\cavestory\debug\cavestory.tlog\link-rc.read.1.tlog
c:\users\heber_000\documents\visual studio 2013\projects\cavestory\cavestory\debug\cavestory.tlog\link-rc.write.1.tlog
c:\users\heber_000\documents\visual studio 2013\projects\cavestory\cavestory\debug\cavestory.tlog\link.command.1.tlog
c:\users\heber_000\documents\visual studio 2013\projects\cavestory\cavestory\debug\cavestory.tlog\link.read.1.tlog
c:\users\heber_000\documents\visual studio 2013\projects\cavestory\cavestory\debug\cavestory.tlog\link.write.1.tlog
